2015-07-08 11:29:19(User): 201 :: Unable to perform update query updateStatus\r\n2015-07-08 17:31:16(Categorie): 201 :: Unable to insert a new category into the database\r\n2015-07-08 17:32:25(Categorie): 201 :: Unable to insert a new category into the database\r\n2015-07-08 17:36:19(Categorie): 201 :: Unable to insert a new category into the database\r\n2015-07-08 17:39:09(CategoriesController): 500 :: Category error: 1\r\n2015-07-08 17:39:09(Categorie): 201 :: Unable to insert a new category into the database\r\n2015-07-08 17:39:44(CategoriesController): 500 :: Category error: Array
(
    [url] => categories/addcategory
)
\r\n2015-07-08 17:39:44(Categorie): 201 :: Unable to insert a new category into the database\r\n2015-07-08 17:40:48(CategoriesController): 500 :: Category error: Array
(
    [url] => categories/addcategory
)
\r\n2015-07-08 17:40:48(Categorie): 201 :: Unable to insert a new category into the database\r\n2015-07-08 17:42:37(CategoriesController): 500 :: Category error: Array
(
    [url] => categories/addcategory
)
\r\n2015-07-08 17:42:37(Categorie): 201 :: Unable to insert a new category into the database\r\n2015-07-08 17:43:26(CategoriesController): 500 :: Category error: Array
(
    [url] => categories/addcategory
)
\r\n2015-07-09 07:32:11(CategoriesController): 500 :: Category error: Array
(
    [url] => categories/addcategory
    [category_name] => hi
    [sub] => Add category
)
\r\n2015-07-09 07:33:30(CategoriesController): 500 :: Category error: Array
(
    [url] => categories/addcategory
    [category_name] => hi
    [sub] => Add category
)
\r\n2015-07-09 07:33:30(Categorie): 201 :: Unable to insert a new category into the database\r\n2015-07-09 07:33:39(CategoriesController): 500 :: Category error: Array
(
    [url] => categories/addcategory
    [category_name] => hi
    [sub] => Add category
)
\r\n2015-07-09 07:33:39(Categorie): 201 :: Unable to insert a new category into the database\r\n2015-07-09 07:34:28(CategoriesController): 500 :: Category error: Array
(
    [url] => categories/addcategory
    [category_name] => ada
    [sub] => Add category
)
\r\n2015-07-09 07:34:57(CategoriesController): 500 :: Category error: Array
(
    [url] => categories/addcategory
    [category_name] => zubin
    [sub] => Add category
)
\r\n